<?xml version="1.0" encoding="UTF-8"?>
<!-- Generated by org.testng.reporters.JUnitXMLReporter -->
<testsuite hostname="Gyaneshs-MBP" ignored="0" name="Test" tests="3" failures="1" timestamp="11 Jan 2022 16:08:52 GMT" time="10.363" errors="0">
  <testcase name="testToPass" time="10.305" classname="testNgTutorial.ListenerTestngTest"/>
  <testcase name="testToSkip" time="0.002" classname="testNgTutorial.ListenerTestngTest">
    <skipped/>
  </testcase> <!-- testToSkip -->
  <testcase name="testToFail" time="0.018" classname="testNgTutorial.ListenerTestngTest">
    <failure type="org.openqa.selenium.NoSuchSessionException" message="Session ID is null. Using WebDriver after calling quit()?
Build info: version: &amp;apos;3.141.59&amp;apos;, revision: &amp;apos;e82be7d358&amp;apos;, time: &amp;apos;2018-11-14T08:17:03&amp;apos;
System info: host: &amp;apos;Gyaneshs-MBP&amp;apos;, ip: &amp;apos;2409:4064:4db0:5ae3:e8e7:1ef5:6dfa:1cb4&amp;apos;, os.name: &amp;apos;Mac OS X&amp;apos;, os.arch: &amp;apos;x86_64&amp;apos;, os.version: &amp;apos;10.16&amp;apos;, java.version: &amp;apos;1.8.0_141&amp;apos;
Driver info: driver.version: RemoteWebDriver">
      <![CDATA[org.openqa.selenium.NoSuchSessionException: Session ID is null. Using WebDriver after calling quit()?
Build info: version: '3.141.59', revision: 'e82be7d358', time: '2018-11-14T08:17:03'
System info: host: 'Gyaneshs-MBP', ip: '2409:4064:4db0:5ae3:e8e7:1ef5:6dfa:1cb4', os.name: 'Mac OS X', os.arch: 'x86_64', os.version: '10.16', java.version: '1.8.0_141'
Driver info: driver.version: RemoteWebDriver
at org.openqa.selenium.remote.HttpCommandExecutor.execute(HttpCommandExecutor.java:125)
at org.openqa.selenium.remote.service.DriverCommandExecutor.execute(DriverCommandExecutor.java:83)
at org.openqa.selenium.remote.RemoteWebDriver.execute(RemoteWebDriver.java:552)
at org.openqa.selenium.remote.RemoteWebDriver.execute(RemoteWebDriver.java:609)
at org.openqa.selenium.remote.RemoteWebDriver.getTitle(RemoteWebDriver.java:281)
at testNgTutorial.ListenerTestngTest.testToFail(ListenerTestngTest.java:32)
... Removed 25 stack frames]]>
    </failure>
  </testcase> <!-- testToFail -->
</testsuite> <!-- Test -->
